\BOOKMARK [1][-]{section.1}{\376\377\000P\000h\036\247\000n\000\040\000c\000h\000u\000n\000g}{}% 1
\BOOKMARK [2][-]{subsection.1.1}{\376\377\000C\000\341\000c\000\040\000c\000\342\000u\000\040\000l\036\307\000n\000h\000\040\000t\036\241\000o\000\040\000b\036\243\000n\000g\000\040\000v\000\340\000\040\000r\000\340\000n\000g\000\040\000b\000u\036\331\000c}{section.1}% 2
\BOOKMARK [2][-]{subsection.1.2}{\376\377\000C\000\341\000c\000\040\000c\000\342\000u\000\040\000l\036\307\000n\000h\000\040\000t\036\241\000o\000\040\000c\000h\036\311\000\040\000m\036\345\000c}{section.1}% 3
\BOOKMARK [2][-]{subsection.1.3}{\376\377\000C\000\341\000c\000\040\000c\000\342\000u\000\040\000l\036\307\000n\000h\000\040\000i\000n\000s\000e\000r\000t\000\040\000d\036\357\000\040\000l\000i\036\307\000u\000\040\000\050\000n\036\277\000u\000\040\000c\000\363\000\051}{section.1}% 4
\BOOKMARK [1][-]{section.2}{\376\377\000P\000h\036\247\000n\000\040\000r\000i\000\352\000n\000g}{}% 5
\BOOKMARK [2][-]{subsection.2.1}{\376\377\000T\000h\000\340\000n\000h\000\040\000v\000i\000\352\000n\000\040\0001}{section.2}% 6
\BOOKMARK [3][-]{subsubsection.2.1.1}{\376\377\000T\000h\036\347\000\040\000t\036\345\000c\000\040\000i\000n\000s\000e\000r\000t\000\040\000d\036\357\000\040\000l\000i\036\307\000u\000:}{subsection.2.1}% 7
\BOOKMARK [3][-]{subsubsection.2.1.2}{\376\377\000T\000r\000i\000g\000g\000e\000r\000:}{subsection.2.1}% 8
\BOOKMARK [3][-]{subsubsection.2.1.3}{\376\377\000T\000h\036\347\000\040\000t\036\345\000c\000\040\000c\000h\036\351\000a\000\040\000c\000\342\000u\000\040\000S\000Q\000L\000:}{subsection.2.1}% 9
\BOOKMARK [3][-]{subsubsection.2.1.4}{\376\377\000H\000\340\000m\000:}{subsection.2.1}% 10
\BOOKMARK [3][-]{subsubsection.2.1.5}{\376\377\000G\000i\000a\000o\000\040\000d\000i\036\307\000n\000\040\036\351\000n\000g\000\040\000d\036\345\000n\000g\000\040\000v\000\340\000\040\000c\000\341\000c\000\040\000h\000\354\000n\000h\000\040\036\243\000n\000h\000\040\000m\000i\000n\000h\000\040\000h\036\315\000a\000:}{subsection.2.1}% 11
\BOOKMARK [2][-]{subsection.2.2}{\376\377\000T\000h\000\340\000n\000h\000\040\000v\000i\000\352\000n\000\040\0002}{section.2}% 12
\BOOKMARK [3][-]{subsubsection.2.2.1}{\376\377\000T\000h\036\347\000\040\000t\036\345\000c\000\040\000i\000n\000s\000e\000r\000t\000\040\000d\036\357\000\040\000l\000i\036\307\000u\000:}{subsection.2.2}% 13
\BOOKMARK [3][-]{subsubsection.2.2.2}{\376\377\000T\000r\000i\000g\000g\000e\000r\000:}{subsection.2.2}% 14
\BOOKMARK [3][-]{subsubsection.2.2.3}{\376\377\000T\000h\036\347\000\040\000t\036\345\000c\000\040\000c\000h\036\351\000a\000\040\000c\000\342\000u\000\040\000S\000Q\000L\000:}{subsection.2.2}% 15
\BOOKMARK [3][-]{subsubsection.2.2.4}{\376\377\000H\000\340\000m\000:}{subsection.2.2}% 16
\BOOKMARK [3][-]{subsubsection.2.2.5}{\376\377\000G\000i\000a\000o\000\040\000d\000i\036\307\000n\000\040\036\351\000n\000g\000\040\000d\036\345\000n\000g\000\040\000v\000\340\000\040\000c\000\341\000c\000\040\000h\000\354\000n\000h\000\040\036\243\000n\000h\000\040\000m\000i\000n\000h\000\040\000h\036\315\000a\000:}{subsection.2.2}% 17
\BOOKMARK [2][-]{subsection.2.3}{\376\377\000T\000h\000\340\000n\000h\000\040\000v\000i\000\352\000n\000\040\0003}{section.2}% 18
\BOOKMARK [3][-]{subsubsection.2.3.1}{\376\377\000T\000h\036\347\000\040\000t\036\345\000c\000\040\000i\000n\000s\000e\000r\000t\000\040\000d\036\357\000\040\000l\000i\036\307\000u\000:}{subsection.2.3}% 19
\BOOKMARK [3][-]{subsubsection.2.3.2}{\376\377\000T\000r\000i\000g\000g\000e\000r\000:}{subsection.2.3}% 20
\BOOKMARK [3][-]{subsubsection.2.3.3}{\376\377\000T\000h\036\347\000\040\000t\036\345\000c\000\040\000c\000h\036\351\000a\000\040\000c\000\342\000u\000\040\000S\000Q\000L\000:}{subsection.2.3}% 21
\BOOKMARK [3][-]{subsubsection.2.3.4}{\376\377\000H\000\340\000m\000:}{subsection.2.3}% 22
\BOOKMARK [3][-]{subsubsection.2.3.5}{\376\377\000G\000i\000a\000o\000\040\000d\000i\036\307\000n\000\040\036\351\000n\000g\000\040\000d\036\345\000n\000g\000\040\000v\000\340\000\040\000c\000\341\000c\000\040\000h\000\354\000n\000h\000\040\036\243\000n\000h\000\040\000m\000i\000n\000h\000\040\000h\036\315\000a\000:}{subsection.2.3}% 23
\BOOKMARK [2][-]{subsection.2.4}{\376\377\000T\000h\000\340\000n\000h\000\040\000v\000i\000\352\000n\000\040\0003}{section.2}% 24
\BOOKMARK [3][-]{subsubsection.2.4.1}{\376\377\000T\000h\036\347\000\040\000t\036\345\000c\000\040\000i\000n\000s\000e\000r\000t\000\040\000d\036\357\000\040\000l\000i\036\307\000u\000:}{subsection.2.4}% 25
\BOOKMARK [3][-]{subsubsection.2.4.2}{\376\377\000T\000r\000i\000g\000g\000e\000r\000:}{subsection.2.4}% 26
\BOOKMARK [3][-]{subsubsection.2.4.3}{\376\377\000T\000h\036\347\000\040\000t\036\345\000c\000\040\000c\000h\036\351\000a\000\040\000c\000\342\000u\000\040\000S\000Q\000L\000:}{subsection.2.4}% 27
\BOOKMARK [3][-]{subsubsection.2.4.4}{\376\377\000H\000\340\000m\000:}{subsection.2.4}% 28
\BOOKMARK [3][-]{subsubsection.2.4.5}{\376\377\000G\000i\000a\000o\000\040\000d\000i\036\307\000n\000\040\036\351\000n\000g\000\040\000d\036\345\000n\000g\000\040\000v\000\340\000\040\000c\000\341\000c\000\040\000h\000\354\000n\000h\000\040\036\243\000n\000h\000\040\000m\000i\000n\000h\000\040\000h\036\315\000a\000:}{subsection.2.4}% 29
\BOOKMARK [2][-]{subsection.2.5}{\376\377\000T\000h\000\340\000n\000h\000\040\000v\000i\000\352\000n\000\040\0005}{section.2}% 30
\BOOKMARK [3][-]{subsubsection.2.5.1}{\376\377\000T\000h\036\347\000\040\000t\036\345\000c\000\040\000i\000n\000s\000e\000r\000t\000\040\000d\036\357\000\040\000l\000i\036\307\000u\000:}{subsection.2.5}% 31
\BOOKMARK [3][-]{subsubsection.2.5.2}{\376\377\000T\000r\000i\000g\000g\000e\000r\000:}{subsection.2.5}% 32
\BOOKMARK [3][-]{subsubsection.2.5.3}{\376\377\000T\000h\036\347\000\040\000t\036\345\000c\000\040\000c\000h\036\351\000a\000\040\000c\000\342\000u\000\040\000S\000Q\000L\000:}{subsection.2.5}% 33
\BOOKMARK [3][-]{subsubsection.2.5.4}{\376\377\000H\000\340\000m\000:}{subsection.2.5}% 34
\BOOKMARK [3][-]{subsubsection.2.5.5}{\376\377\000G\000i\000a\000o\000\040\000d\000i\036\307\000n\000\040\036\351\000n\000g\000\040\000d\036\345\000n\000g\000\040\000v\000\340\000\040\000c\000\341\000c\000\040\000h\000\354\000n\000h\000\040\036\243\000n\000h\000\040\000m\000i\000n\000h\000\040\000h\036\315\000a\000:}{subsection.2.5}% 35
\BOOKMARK [1][-]{section.3}{\376\377\000P\000h\036\345\000\040\000l\036\345\000c}{}% 36
\BOOKMARK [2][-]{subsection.3.1}{\376\377\000B\000\341\000o\000\040\000c\000\341\000o\000\040\000b\000\340\000i\000\040\000t\036\255\000p\000\040\000l\036\333\000n\000\040\0001}{section.3}% 37
\BOOKMARK [2][-]{subsection.3.2}{\376\377\000S\000o\000u\000r\000c\000e\000\040\000c\000o\000d\000e\000\040\000c\000h\001\260\001\241\000n\000g\000\040\000t\000r\000\354\000n\000h\000:}{section.3}% 38
\BOOKMARK [2][-]{subsection.3.3}{\376\377\000B\036\243\000n\000g\000\040\000p\000h\000\342\000n\000\040\000c\000\364\000n\000g\000\040\000n\000h\000i\036\307\000m\000\040\000v\036\345\000\040\000c\000h\000o\000\040\000p\000h\036\247\000n\000\040\000c\000h\000u\000n\000g\000\040\000v\000\340\000\040\000b\000\340\000i\000\040\000t\036\255\000p\000\040\000l\036\333\000n\000\040\000s\036\321\000\040\0001}{section.3}% 39
\BOOKMARK [1][-]{section.4}{\376\377\000\301\000n\000h\000\040\000x\036\241\000\040\000s\000a\000n\000g\000\040\000l\001\260\036\343\000c\000\040\001\021\036\323\000\040\000C\000S\000D\000L}{}% 40
